<?xml version="1.0" encoding="UTF-8"?>
<coverage generated="1726211670959" clover="3.2.0">
  <project timestamp="1726211670960" name="All files">
    <metrics statements="25" coveredstatements="23" conditionals="12" coveredconditionals="8" methods="13" coveredmethods="13" elements="50" coveredelements="44" complexity="0" loc="25" ncloc="25" packages="1" files="2" classes="2"/>
    <file name="extended_formatting.js" path="C:\CsBe\Modul450\extended_formatting.js">
      <metrics statements="14" coveredstatements="12" conditionals="8" coveredconditionals="4" methods="7" coveredmethods="7"/>
      <line num="2" count="1" type="stmt"/>
      <line num="6" count="1" type="stmt"/>
      <line num="7" count="1" type="stmt"/>
      <line num="8" count="5" type="cond" truecount="1" falsecount="1"/>
      <line num="9" count="5" type="stmt"/>
      <line num="10" count="5" type="cond" truecount="2" falsecount="0"/>
      <line num="13" count="1" type="stmt"/>
      <line num="17" count="1" type="stmt"/>
      <line num="18" count="1" type="cond" truecount="1" falsecount="1"/>
      <line num="19" count="0" type="cond" truecount="0" falsecount="2"/>
      <line num="20" count="0" type="stmt"/>
      <line num="25" count="1" type="stmt"/>
      <line num="29" count="3" type="stmt"/>
      <line num="32" count="1" type="stmt"/>
    </file>
    <file name="formatting.js" path="C:\CsBe\Modul450\formatting.js">
      <metrics statements="11" coveredstatements="11" conditionals="4" coveredconditionals="4" methods="6" coveredmethods="6"/>
      <line num="3" count="3" type="cond" truecount="2" falsecount="0"/>
      <line num="4" count="2" type="stmt"/>
      <line num="9" count="4" type="stmt"/>
      <line num="10" count="4" type="stmt"/>
      <line num="15" count="2" type="stmt"/>
      <line num="17" count="5" type="stmt"/>
      <line num="23" count="3" type="stmt"/>
      <line num="24" count="3" type="stmt"/>
      <line num="25" count="13" type="cond" truecount="2" falsecount="0"/>
      <line num="28" count="3" type="stmt"/>
      <line num="31" count="1" type="stmt"/>
    </file>
  </project>
</coverage>
