{"C:\\CsBe\\Modul450\\extended_formatting.js": {"path":"C:\\CsBe\\Modul450\\extended_formatting.js","statementMap":{"0":{"start":{"line":2,"column":4},"end":{"line":2,"column":29}},"1":{"start":{"line":6,"column":22},"end":{"line":6,"column":24}},"2":{"start":{"line":7,"column":4},"end":{"line":12,"column":5}},"3":{"start":{"line":8,"column":6},"end":{"line":11,"column":7}},"4":{"start":{"line":9,"column":28},"end":{"line":9,"column":48}},"5":{"start":{"line":10,"column":8},"end":{"line":10,"column":67}},"6":{"start":{"line":13,"column":4},"end":{"line":13,"column":21}},"7":{"start":{"line":17,"column":4},"end":{"line":21,"column":7}},"8":{"start":{"line":18,"column":6},"end":{"line":18,"column":37}},"9":{"start":{"line":18,"column":27},"end":{"line":18,"column":37}},"10":{"start":{"line":19,"column":6},"end":{"line":19,"column":36}},"11":{"start":{"line":19,"column":27},"end":{"line":19,"column":36}},"12":{"start":{"line":20,"column":6},"end":{"line":20,"column":15}},"13":{"start":{"line":25,"column":4},"end":{"line":25,"column":43}},"14":{"start":{"line":29,"column":4},"end":{"line":29,"column":54}},"15":{"start":{"line":29,"column":32},"end":{"line":29,"column":52}},"16":{"start":{"line":32,"column":2},"end":{"line":38,"column":4}}},"fnMap":{"0":{"name":"uniqueValues","decl":{"start":{"line":1,"column":9},"end":{"line":1,"column":21}},"loc":{"start":{"line":1,"column":27},"end":{"line":3,"column":3}},"line":1},"1":{"name":"letterFrequency","decl":{"start":{"line":5,"column":11},"end":{"line":5,"column":26}},"loc":{"start":{"line":5,"column":33},"end":{"line":14,"column":3}},"line":5},"2":{"name":"sortByKey","decl":{"start":{"line":16,"column":11},"end":{"line":16,"column":20}},"loc":{"start":{"line":16,"column":31},"end":{"line":22,"column":3}},"line":16},"3":{"name":"(anonymous_3)","decl":{"start":{"line":17,"column":28},"end":{"line":17,"column":29}},"loc":{"start":{"line":17,"column":38},"end":{"line":21,"column":5}},"line":17},"4":{"name":"deepClone","decl":{"start":{"line":24,"column":11},"end":{"line":24,"column":20}},"loc":{"start":{"line":24,"column":26},"end":{"line":26,"column":3}},"line":24},"5":{"name":"intersection","decl":{"start":{"line":28,"column":11},"end":{"line":28,"column":23}},"loc":{"start":{"line":28,"column":36},"end":{"line":30,"column":3}},"line":28},"6":{"name":"(anonymous_6)","decl":{"start":{"line":29,"column":23},"end":{"line":29,"column":24}},"loc":{"start":{"line":29,"column":32},"end":{"line":29,"column":52}},"line":29}},"branchMap":{"0":{"loc":{"start":{"line":8,"column":6},"end":{"line":11,"column":7}},"type":"if","locations":[{"start":{"line":8,"column":6},"end":{"line":11,"column":7}},{"start":{},"end":{}}],"line":8},"1":{"loc":{"start":{"line":10,"column":34},"end":{"line":10,"column":61}},"type":"binary-expr","locations":[{"start":{"line":10,"column":34},"end":{"line":10,"column":56}},{"start":{"line":10,"column":60},"end":{"line":10,"column":61}}],"line":10},"2":{"loc":{"start":{"line":18,"column":6},"end":{"line":18,"column":37}},"type":"if","locations":[{"start":{"line":18,"column":6},"end":{"line":18,"column":37}},{"start":{},"end":{}}],"line":18},"3":{"loc":{"start":{"line":19,"column":6},"end":{"line":19,"column":36}},"type":"if","locations":[{"start":{"line":19,"column":6},"end":{"line":19,"column":36}},{"start":{},"end":{}}],"line":19}},"s":{"0":1,"1":1,"2":1,"3":5,"4":5,"5":5,"6":1,"7":1,"8":1,"9":1,"10":0,"11":0,"12":0,"13":1,"14":1,"15":3,"16":1},"f":{"0":1,"1":1,"2":1,"3":1,"4":1,"5":1,"6":3},"b":{"0":[5,0],"1":[5,4],"2":[1,0],"3":[0,0]},"_coverageSchema":"1a1c01bbd47fc00a2c39e90264f33305004495a9","hash":"024a2129d91b52fb9f2e5115cc43e51f6fd06c4c"}
,"C:\\CsBe\\Modul450\\formatting.js": {"path":"C:\\CsBe\\Modul450\\formatting.js","statementMap":{"0":{"start":{"line":3,"column":4},"end":{"line":3,"column":43}},"1":{"start":{"line":3,"column":26},"end":{"line":3,"column":43}},"2":{"start":{"line":4,"column":4},"end":{"line":4,"column":31}},"3":{"start":{"line":9,"column":24},"end":{"line":9,"column":71}},"4":{"start":{"line":10,"column":4},"end":{"line":10,"column":68}},"5":{"start":{"line":15,"column":4},"end":{"line":18,"column":17}},"6":{"start":{"line":17,"column":19},"end":{"line":17,"column":63}},"7":{"start":{"line":23,"column":18},"end":{"line":23,"column":37}},"8":{"start":{"line":24,"column":24},"end":{"line":27,"column":5}},"9":{"start":{"line":25,"column":6},"end":{"line":25,"column":57}},"10":{"start":{"line":28,"column":4},"end":{"line":28,"column":30}},"11":{"start":{"line":31,"column":2},"end":{"line":36,"column":4}}},"fnMap":{"0":{"name":"getLastElement","decl":{"start":{"line":2,"column":9},"end":{"line":2,"column":23}},"loc":{"start":{"line":2,"column":29},"end":{"line":5,"column":3}},"line":2},"1":{"name":"isPalindrome","decl":{"start":{"line":8,"column":11},"end":{"line":8,"column":23}},"loc":{"start":{"line":8,"column":30},"end":{"line":11,"column":3}},"line":8},"2":{"name":"capitalizeWords","decl":{"start":{"line":14,"column":11},"end":{"line":14,"column":26}},"loc":{"start":{"line":14,"column":37},"end":{"line":19,"column":3}},"line":14},"3":{"name":"(anonymous_3)","decl":{"start":{"line":17,"column":11},"end":{"line":17,"column":12}},"loc":{"start":{"line":17,"column":19},"end":{"line":17,"column":63}},"line":17},"4":{"name":"lengthOfLongestWord","decl":{"start":{"line":22,"column":11},"end":{"line":22,"column":30}},"loc":{"start":{"line":22,"column":41},"end":{"line":29,"column":3}},"line":22},"5":{"name":"(anonymous_5)","decl":{"start":{"line":24,"column":37},"end":{"line":24,"column":38}},"loc":{"start":{"line":25,"column":6},"end":{"line":25,"column":57}},"line":25}},"branchMap":{"0":{"loc":{"start":{"line":3,"column":4},"end":{"line":3,"column":43}},"type":"if","locations":[{"start":{"line":3,"column":4},"end":{"line":3,"column":43}},{"start":{},"end":{}}],"line":3},"1":{"loc":{"start":{"line":25,"column":6},"end":{"line":25,"column":57}},"type":"cond-expr","locations":[{"start":{"line":25,"column":40},"end":{"line":25,"column":47}},{"start":{"line":25,"column":50},"end":{"line":25,"column":57}}],"line":25}},"s":{"0":3,"1":1,"2":2,"3":4,"4":4,"5":2,"6":5,"7":3,"8":3,"9":13,"10":3,"11":1},"f":{"0":3,"1":4,"2":2,"3":5,"4":3,"5":13},"b":{"0":[1,2],"1":[4,9]},"_coverageSchema":"1a1c01bbd47fc00a2c39e90264f33305004495a9","hash":"5186a757ec70f318f158a588a502ba9d798fd8ff"}
}
