TN:
SF:extended_formatting.js
FN:1,uniqueValues
FN:5,letterFrequency
FN:16,sortByKey
FN:17,(anonymous_3)
FN:24,deepClone
FN:28,intersection
FN:29,(anonymous_6)
FNF:7
FNH:7
FNDA:1,uniqueValues
FNDA:1,letterFrequency
FNDA:1,sortByKey
FNDA:1,(anonymous_3)
FNDA:1,deepClone
FNDA:1,intersection
FNDA:3,(anonymous_6)
DA:2,1
DA:6,1
DA:7,1
DA:8,5
DA:9,5
DA:10,5
DA:13,1
DA:17,1
DA:18,1
DA:19,0
DA:20,0
DA:25,1
DA:29,3
DA:32,1
LF:14
LH:12
BRDA:8,0,0,5
BRDA:8,0,1,0
BRDA:10,1,0,5
BRDA:10,1,1,4
BRDA:18,2,0,1
BRDA:18,2,1,0
BRDA:19,3,0,0
BRDA:19,3,1,0
BRF:8
BRH:4
end_of_record
TN:
SF:formatting.js
FN:2,getLastElement
FN:8,isPalindrome
FN:14,capitalizeWords
FN:17,(anonymous_3)
FN:22,lengthOfLongestWord
FN:24,(anonymous_5)
FNF:6
FNH:6
FNDA:3,getLastElement
FNDA:4,isPalindrome
FNDA:2,capitalizeWords
FNDA:5,(anonymous_3)
FNDA:3,lengthOfLongestWord
FNDA:13,(anonymous_5)
DA:3,3
DA:4,2
DA:9,4
DA:10,4
DA:15,2
DA:17,5
DA:23,3
DA:24,3
DA:25,13
DA:28,3
DA:31,1
LF:11
LH:11
BRDA:3,0,0,1
BRDA:3,0,1,2
BRDA:25,1,0,4
BRDA:25,1,1,9
BRF:4
BRH:4
end_of_record
